\BOOKMARK [1][-]{section.1}{Wstep}{}% 1
\BOOKMARK [1][-]{section.2}{Szczeg\363\233y konstrukcyjne}{}% 2
\BOOKMARK [2][-]{subsection.2.1}{Mechanika}{section.2}% 3
\BOOKMARK [3][-]{subsubsection.2.1.1}{Zawieszenie}{subsection.2.1}% 4
\BOOKMARK [3][-]{subsubsection.2.1.2}{P\233ug}{subsection.2.1}% 5
\BOOKMARK [3][-]{subsubsection.2.1.3}{Silniki}{subsection.2.1}% 6
\BOOKMARK [3][-]{subsubsection.2.1.4}{Ko\233a}{subsection.2.1}% 7
\BOOKMARK [3][-]{subsubsection.2.1.5}{Podsumowanie Mechaniki}{subsection.2.1}% 8
\BOOKMARK [2][-]{subsection.2.2}{Elektronika}{section.2}% 9
\BOOKMARK [3][-]{subsubsection.2.2.1}{Zasilanie}{subsection.2.2}% 10
\BOOKMARK [3][-]{subsubsection.2.2.2}{Mikrokontroler}{subsection.2.2}% 11
\BOOKMARK [3][-]{subsubsection.2.2.3}{Czujniki}{subsection.2.2}% 12
\BOOKMARK [3][-]{subsubsection.2.2.4}{Sterowanie silnikami}{subsection.2.2}% 13
\BOOKMARK [3][-]{subsubsection.2.2.5}{Interfejs komunikacyjny}{subsection.2.2}% 14
\BOOKMARK [3][-]{subsubsection.2.2.6}{PCB}{subsection.2.2}% 15
\BOOKMARK [3][-]{subsubsection.2.2.7}{Podsumowanie}{subsection.2.2}% 16
\BOOKMARK [2][-]{subsection.2.3}{Program}{section.2}% 17
\BOOKMARK [3][-]{subsubsection.2.3.1}{Konfiguracja peryferii}{subsection.2.3}% 18
\BOOKMARK [3][-]{subsubsection.2.3.2}{Algorytm sterowania}{subsection.2.3}% 19
\BOOKMARK [1][-]{section.3}{Podsumowanie}{}% 20
\BOOKMARK [1][-]{section.4}{Materia\233y zr\363d\233owe}{}% 21
