This is pdfTeX, Version 3.14159265-2.6-1.40.17 (MiKTeX 2.9.6100 64-bit) (preloaded format=pdflatex 2017.1.1)  4 JAN 2018 00:12
entering extended mode
**./tytulowa.tex
(tytulowa.tex
LaTeX2e <2016/03/31> patch level 3
Babel <3.9r> and hyphenation patterns for 75 language(s) loaded.

! LaTeX Error: \maketitle undefined.

See the LaTeX manual or LaTeX Companion for explanation.
Type  H <return>  for immediate help.
 ...                                              
                                                  
l.2 \renewcommand{\maketitle}
                             {\begin{titlepage}
Try typing  <return>  to proceed.
If that doesn't work, type  X <return>  to quit.

)
! Emergency stop.
<*> ./tytulowa.tex
                  
*** (job aborted, no legal \end found)

 
Here is how much of TeX's memory you used:
 11 strings out of 493333
 129 string characters out of 3139192
 53242 words of memory out of 3000000
 3641 multiletter control sequences out of 15000+200000
 3640 words of font info for 14 fonts, out of 3000000 for 9000
 1141 hyphenation exceptions out of 8191
 7i,0n,5p,145b,14s stack positions out of 5000i,500n,10000p,200000b,50000s
!  ==> Fatal error occurred, no output PDF file produced!
